{"error": "Not authenticated", "status_code": 401, "path": "http://localhost:8000/api/users/v1/me", "method": "GET"}
{"error": "When initializing mapper Mapper[User(Users)], expression 'BorrowingManager' failed to locate a name ('BorrowingManager'). If this is a class name, consider adding this relationship() to the <class 'backend.src.domain.entities.user_ent.User'> class after both dependent classes have been defined.", "type": "InvalidRequestError", "path": "http://localhost:8000/backend/src/presentation/routers/v1/token", "method": "POST"}
{"error": "When initializing mapper Mapper[User(Users)], expression 'BorrowingManager' failed to locate a name ('BorrowingManager'). If this is a class name, consider adding this relationship() to the <class 'backend.src.domain.entities.user_ent.User'> class after both dependent classes have been defined.", "type": "InvalidRequestError", "path": "http://localhost:8000/backend/src/presentation/routers/v1/token", "method": "POST"}
{"error": "When initializing mapper Mapper[User(Users)], expression 'BorrowingManager' failed to locate a name ('BorrowingManager'). If this is a class name, consider adding this relationship() to the <class 'backend.src.domain.entities.user_ent.User'> class after both dependent classes have been defined.", "type": "InvalidRequestError", "path": "http://localhost:8000/backend/src/presentation/routers/v1/token", "method": "POST"}
{"error": "When initializing mapper Mapper[User(Users)], expression 'BorrowingManager' failed to locate a name ('BorrowingManager'). If this is a class name, consider adding this relationship() to the <class 'backend.src.domain.entities.models.User'> class after both dependent classes have been defined.", "type": "InvalidRequestError", "path": "http://localhost:8000/backend/src/presentation/routers/v1/token", "method": "POST"}
{"error": "When initializing mapper Mapper[User(Users)], expression 'BorrowingManager' failed to locate a name ('BorrowingManager'). If this is a class name, consider adding this relationship() to the <class 'backend.src.domain.entities.models.User'> class after both dependent classes have been defined.", "type": "InvalidRequestError", "path": "http://localhost:8000/backend/src/presentation/routers/v1/token", "method": "POST"}
{"error": "When initializing mapper Mapper[User(Users)], expression 'BorrowingManager' failed to locate a name ('BorrowingManager'). If this is a class name, consider adding this relationship() to the <class 'backend.src.domain.entities.models.User'> class after both dependent classes have been defined.", "type": "InvalidRequestError", "path": "http://localhost:8000/backend/src/presentation/routers/v1/token", "method": "POST"}
{"error": "When initializing mapper Mapper[User(Users)], expression 'BorrowingManager' failed to locate a name ('BorrowingManager'). If this is a class name, consider adding this relationship() to the <class 'backend.src.domain.entities.models.User'> class after both dependent classes have been defined.", "type": "InvalidRequestError", "path": "http://localhost:8000/backend/src/presentation/routers/v1/token", "method": "POST"}
{"error": "One or more mappers failed to initialize - can't proceed with initialization of other mappers. Triggering mapper: 'Mapper[User(Users)]'. Original exception was: When initializing mapper Mapper[User(Users)], expression 'BorrowingManager' failed to locate a name ('BorrowingManager'). If this is a class name, consider adding this relationship() to the <class 'backend.src.domain.entities.models.User'> class after both dependent classes have been defined.", "type": "InvalidRequestError", "path": "http://localhost:8000/backend/src/presentation/routers/v1/token", "method": "POST"}
{"error": "When initializing mapper Mapper[User(Users)], expression 'BorrowingManager' failed to locate a name ('BorrowingManager'). If this is a class name, consider adding this relationship() to the <class 'backend.src.domain.entities.models.User'> class after both dependent classes have been defined.", "type": "InvalidRequestError", "path": "http://localhost:8000/backend/src/presentation/routers/v1/token", "method": "POST"}
{"error": "When initializing mapper Mapper[User(Users)], expression 'BorrowingManager' failed to locate a name ('BorrowingManager'). If this is a class name, consider adding this relationship() to the <class 'backend.src.domain.entities.models.User'> class after both dependent classes have been defined.", "type": "InvalidRequestError", "path": "http://localhost:8000/backend/src/presentation/routers/v1/token", "method": "POST"}
{"error": "When initializing mapper Mapper[BorrowingManager(Borrowing)], expression 'Book' failed to locate a name ('Book'). If this is a class name, consider adding this relationship() to the <class 'backend.src.domain.entities.models.BorrowingManager'> class after both dependent classes have been defined.", "type": "InvalidRequestError", "path": "http://localhost:8000/backend/src/presentation/routers/v1/token", "method": "POST"}
{"error": "module 'backend.src.application.use_cases.user_ops' has no attribute 'search_user'", "type": "AttributeError", "path": "http://localhost:8000/v1/users?text_to_search=admin&skip=0&limit=100", "method": "GET"}
{"error": "module 'backend.src.application.use_cases.user_ops' has no attribute 'search_user'", "type": "AttributeError", "path": "http://localhost:8000/v1/users?text_to_search=admin&skip=0&limit=100", "method": "GET"}
{"error": "module 'backend.src.application.use_cases.user_ops' has no attribute 'search_user'", "type": "AttributeError", "path": "http://localhost:8000/v1/users?text_to_search=admin&skip=0&limit=100", "method": "GET"}
{"error": "'BookCreate' object has no attribute 'Book'", "type": "AttributeError", "path": "http://localhost:8000/v1/books/", "method": "POST"}
{"error": "Neither 'InstrumentedAttribute' object nor 'Comparator' object associated with Book.author has an attribute 'first_name'", "type": "AttributeError", "path": "http://localhost:8000/v1/books/search?text_to_search=1234567890123&skip=0&limit=100", "method": "GET"}
{"error": "type object 'Book' has no attribute 'Author'", "type": "AttributeError", "path": "http://localhost:8000/v1/books/search?text_to_search=1234567890123&skip=0&limit=100", "method": "GET"}
{"error": "Neither 'InstrumentedAttribute' object nor 'Comparator' object associated with Book.author has an attribute 'first_name'", "type": "AttributeError", "path": "http://localhost:8000/v1/books/search?text_to_search=1234567890123&skip=0&limit=100", "method": "GET"}
{"error": "module 'backend.src.application.use_cases.user_ops' has no attribute 'get_authors'", "type": "AttributeError", "path": "http://localhost:8000/v1/authors/?skip=0&limit=100", "method": "GET"}
{"error": "'AuthorCreate' object has no attribute 'Author'", "type": "AttributeError", "path": "http://localhost:8000/v1/authors/", "method": "POST"}
{"error": "search_books() got an unexpected keyword argument 'text_to_search'", "type": "TypeError", "path": "http://localhost:8000/v1/books/search?text_to_search=a&skip=0&limit=100", "method": "GET"}
{"error": "search_books() got an unexpected keyword argument 'skip'", "type": "TypeError", "path": "http://localhost:8000/v1/books/search?text_to_search=a&skip=0&limit=100", "method": "GET"}
{"error": "search_books() got an unexpected keyword argument 'skip'", "type": "TypeError", "path": "http://localhost:8000/v1/books/search?text_to_search=a&skip=0&limit=100", "method": "GET"}
{"error": "'Session' object has no attribute 'search'", "type": "AttributeError", "path": "http://localhost:8000/v1/books/search?text_to_search=a&skip=0&limit=100", "method": "GET"}
{"error": "'Session' object has no attribute 'search'", "type": "AttributeError", "path": "http://localhost:8000/v1/books/search?text_to_search=a&skip=0&limit=100", "method": "GET"}
{"error": "'Session' object has no attribute 'search'", "type": "AttributeError", "path": "http://localhost:8000/v1/books/search?text_to_search=a&skip=0&limit=100", "method": "GET"}
{"error": "'Session' object has no attribute 'search'", "type": "AttributeError", "path": "http://localhost:8000/v1/books/search?text_to_search=a&skip=0&limit=100", "method": "GET"}
{"error": "'Session' object has no attribute 'search'", "type": "AttributeError", "path": "http://localhost:8000/v1/books/search?text_to_search=a&skip=0&limit=100", "method": "GET"}
{"error": "'Session' object has no attribute 'search'", "type": "AttributeError", "path": "http://localhost:8000/v1/books/search?text_to_search=a&skip=0&limit=100", "method": "GET"}
{"error": "search_books() missing 1 required positional argument: 'book_repo'", "type": "TypeError", "path": "http://localhost:8000/v1/books/search?text_to_search=a&skip=0&limit=100", "method": "GET"}
{"error": "'Session' object has no attribute 'list'", "type": "AttributeError", "path": "http://localhost:8000/v1/books/?skip=0&limit=100", "method": "GET"}
{"error": "'Session' object has no attribute 'get_by_email'", "type": "AttributeError", "path": "http://localhost:8000/v1/users/me", "method": "GET"}
{"error": "'Session' object has no attribute 'list'", "type": "AttributeError", "path": "http://localhost:8000/v1/users/?skip=0&limit=100", "method": "GET"}
{"error": "create_book() got an unexpected keyword argument 'db'", "type": "TypeError", "path": "http://localhost:8000/v1/books/", "method": "POST"}
{"error": "create_book() got an unexpected keyword argument 'book'", "type": "TypeError", "path": "http://localhost:8000/v1/books/", "method": "POST"}
{"error": "backend.src.domain.entities.models.Book() argument after ** must be a mapping, not BookCreate", "type": "TypeError", "path": "http://localhost:8000/v1/books/", "method": "POST"}
{"error": "'dict' object has no attribute 'isbn'", "type": "AttributeError", "path": "http://localhost:8000/v1/books/", "method": "POST"}
{"error": "backend.src.domain.entities.models.Book() argument after ** must be a mapping, not BookCreate", "type": "TypeError", "path": "http://localhost:8000/v1/books/", "method": "POST"}
{"error": "'BookUpdate' object has no attribute 'items'", "type": "AttributeError", "path": "http://localhost:8000/v1/books/stringstri", "method": "PUT"}
{"error": "1 validation errors:\n  {'type': 'string_too_short', 'loc': ('response', 'isbn'), 'msg': 'String should have at least 10 characters', 'input': 'string', 'ctx': {'min_length': 10}}\n", "type": "ResponseValidationError", "path": "http://localhost:8000/v1/books/stringstri", "method": "PUT"}
{"error": "'BookUpdate' object has no attribute 'items'", "type": "AttributeError", "path": "http://localhost:8000/v1/books/string", "method": "PUT"}
{"error": "1 validation errors:\n  {'type': 'string_too_short', 'loc': ('response', 'isbn'), 'msg': 'String should have at least 10 characters', 'input': 'string', 'ctx': {'min_length': 10}}\n", "type": "ResponseValidationError", "path": "http://localhost:8000/v1/books/string", "method": "PUT"}
{"error": "'BookRepositoryImpl' object has no attribute 'get_by_id'", "type": "AttributeError", "path": "http://localhost:8000/v1/books/string1234436", "method": "DELETE"}
{"error": "'Session' object has no attribute 'list'", "type": "AttributeError", "path": "http://localhost:8000/v1/authors/?skip=0&limit=100", "method": "GET"}
{"error": "create_author() got an unexpected keyword argument 'db'", "type": "TypeError", "path": "http://localhost:8000/v1/authors/", "method": "POST"}
{"error": "'Session' object has no attribute 'get_by_isbn'", "type": "AttributeError", "path": "http://localhost:8000/v1/borrowings/", "method": "POST"}
{"error": "'BorrowingRepositoryImpl' object has no attribute 'get_by_isbn'", "type": "AttributeError", "path": "http://localhost:8000/v1/borrowings/", "method": "POST"}
{"error": "'BorrowingRepositoryImpl' object has no attribute 'query'", "type": "AttributeError", "path": "http://localhost:8000/v1/borrowings/", "method": "POST"}
{"error": "Column expression, FROM clause, or other columns clause element expected, got <class 'backend.src.domain.entities.user.User'>.", "type": "ArgumentError", "path": "http://localhost:8000/v1/token", "method": "POST"}
{"error": "Column expression, FROM clause, or other columns clause element expected, got <class 'backend.src.domain.entities.user.UserModel'>.", "type": "ArgumentError", "path": "http://localhost:8000/v1/token", "method": "POST"}
{"error": "Column expression, FROM clause, or other columns clause element expected, got <class 'backend.src.domain.entities.user.UserModel'>.", "type": "ArgumentError", "path": "http://localhost:8000/v1/token", "method": "POST"}
{"error": "Column expression, FROM clause, or other columns clause element expected, got <class 'backend.src.domain.entities.user.UserModel'>.", "type": "ArgumentError", "path": "http://localhost:8000/v1/token", "method": "POST"}
{"error": "Column expression, FROM clause, or other columns clause element expected, got <class 'backend.src.domain.entities.user.UserModel'>.", "type": "ArgumentError", "path": "http://localhost:8000/v1/token", "method": "POST"}
{"error": "Column expression, FROM clause, or other columns clause element expected, got <class 'backend.src.domain.entities.user.UserModel'>.", "type": "ArgumentError", "path": "http://localhost:8000/v1/token", "method": "POST"}
{"error": "When initializing mapper Mapper[BorrowingManagerModel(Borrowing)], expression 'User' failed to locate a name ('User'). If this is a class name, consider adding this relationship() to the <class 'backend.src.infrastructure.persistence.models.BorrowingManagerModel'> class after both dependent classes have been defined.", "type": "InvalidRequestError", "path": "http://localhost:8000/v1/token", "method": "POST"}
{"error": "When initializing mapper Mapper[BorrowingManagerModel(Borrowing)], expression 'User' failed to locate a name ('User'). If this is a class name, consider adding this relationship() to the <class 'backend.src.infrastructure.persistence.models.BorrowingManagerModel'> class after both dependent classes have been defined.", "type": "InvalidRequestError", "path": "http://localhost:8000/v1/token", "method": "POST"}
{"error": "User not found", "type": "ValueError", "path": "http://localhost:8000/v1/token", "method": "POST"}
{"error": "'BorrowingManagerModel' object has no attribute 'id'", "type": "AttributeError", "path": "http://localhost:8000/v1/users/?skip=0&limit=100", "method": "GET"}
{"error": "'BorrowingManagerModel' object has no attribute 'borrowing_id'", "type": "AttributeError", "path": "http://localhost:8000/v1/users/?skip=0&limit=100", "method": "GET"}
{"error": "User not found", "type": "ValueError", "path": "http://localhost:8000/v1/users/", "method": "POST"}
{"error": "User not found", "type": "ValueError", "path": "http://localhost:8000/v1/users/", "method": "POST"}
{"error": "User not found", "type": "ValueError", "path": "http://localhost:8000/v1/users/", "method": "POST"}
{"error": "'id' is an invalid keyword argument for UserModel", "type": "TypeError", "path": "http://localhost:8000/v1/users/", "method": "POST"}
{"error": "User with id 0 not found.", "type": "UserNotFound", "path": "http://localhost:8000/v1/users/0", "method": "GET"}
{"error": "User with id 0 not found.", "type": "UserNotFound", "path": "http://localhost:8000/v1/users/0", "method": "PUT"}
{"error": "User not found", "type": "ValueError", "path": "http://localhost:8000/v1/users/0", "method": "DELETE"}
{"error": "(sqlite3.OperationalError) no such column: Books.book_isbn\n[SQL: SELECT \"Books\".book_isbn AS \"Books_book_isbn\", \"Books\".isbn AS \"Books_isbn\", \"Books\".title AS \"Books_title\", \"Books\".summary AS \"Books_summary\", \"Books\".genre AS \"Books_genre\", \"Books\".published_year AS \"Books_published_year\", \"Books\".author_id AS \"Books_author_id\", \"Books\".currently_borrowed_by AS \"Books_currently_borrowed_by\" \nFROM \"Books\"\n LIMIT ? OFFSET ?]\n[parameters: (100, 0)]\n(Background on this error at: https://sqlalche.me/e/20/e3q8)", "type": "OperationalError", "path": "http://localhost:8000/v1/books/?skip=0&limit=100", "method": "GET"}
{"error": "Could not initialize target column for ForeignKey 'Books.isbn' on table 'Borrowing': table 'Books' has no column named 'isbn'", "type": "NoReferencedColumnError", "path": "http://localhost:8000/v1/books/?skip=0&limit=100", "method": "GET"}
{"error": "Could not initialize target column for ForeignKey 'Books.isbn' on table 'Borrowing': table 'Books' has no column named 'isbn'", "type": "NoReferencedColumnError", "path": "http://localhost:8000/v1/books/?skip=0&limit=100", "method": "GET"}
{"error": "Could not initialize target column for ForeignKey 'Books.isbn' on table 'Borrowing': table 'Books' has no column named 'isbn'", "type": "NoReferencedColumnError", "path": "http://localhost:8000/v1/books/?skip=0&limit=100", "method": "GET"}
{"error": "Could not initialize target column for ForeignKey 'Books.isbn' on table 'Borrowing': table 'Books' has no column named 'isbn'", "type": "NoReferencedColumnError", "path": "http://localhost:8000/v1/books/?skip=0&limit=100", "method": "GET"}
{"error": "(sqlite3.OperationalError) no such column: Books.book_isbn\n[SQL: SELECT \"Books\".book_id AS \"Books_book_id\", \"Books\".book_isbn AS \"Books_book_isbn\", \"Books\".title AS \"Books_title\", \"Books\".summary AS \"Books_summary\", \"Books\".genre AS \"Books_genre\", \"Books\".published_year AS \"Books_published_year\", \"Books\".author_id AS \"Books_author_id\", \"Books\".currently_borrowed_by AS \"Books_currently_borrowed_by\" \nFROM \"Books\"\n LIMIT ? OFFSET ?]\n[parameters: (100, 0)]\n(Background on this error at: https://sqlalche.me/e/20/e3q8)", "type": "OperationalError", "path": "http://localhost:8000/v1/books/?skip=0&limit=100", "method": "GET"}
{"error": "'BorrowingManagerModel' object has no attribute 'id'", "type": "AttributeError", "path": "http://localhost:8000/v1/books/?skip=0&limit=100", "method": "GET"}
{"error": "Author email already registered", "type": "ValueError", "path": "http://localhost:8000/v1/authors/", "method": "POST"}
{"error": "Author email already registered: isabella.ngoc@example.com", "type": "AuthorEmailAlreadyRegistered", "path": "http://localhost:8000/v1/authors/", "method": "POST"}
{"error": "name 'AuthorEAuthorEmailAlreadyRegistered' is not defined", "type": "NameError", "path": "http://localhost:8000/v1/authors/", "method": "POST"}
{"error": "Author with id 1 not found.", "type": "AuthorNotFound", "path": "http://localhost:8000/v1/authors/1", "method": "GET"}
{"error": "Book with id 9780451524935 not found.", "type": "BookNotFound", "path": "http://localhost:8000/v1/borrowings/", "method": "POST"}
{"error": "'id' is an invalid keyword argument for BorrowingManagerModel", "type": "TypeError", "path": "http://localhost:8000/v1/borrowings/", "method": "POST"}
{"error": "Borrowing record not found", "type": "ValueError", "path": "http://localhost:8000/v1/borrowings/1", "method": "GET"}
{"error": "Borrowing record not found", "type": "ValueError", "path": "http://localhost:8000/v1/borrowings/1", "method": "GET"}
{"error": "1 validation errors:\n  {'type': 'missing', 'loc': ('response', 'book'), 'msg': 'Field required', 'input': BorrowingManager(user_id=18, book_isbn='9781112223334', borrow_id=9, borrow_date=datetime.datetime(2025, 10, 20, 14, 10, 21, 988000), due_date=datetime.datetime(2025, 11, 3, 14, 10, 21, 988000), status='borrowed')}\n", "type": "ResponseValidationError", "path": "http://localhost:8000/v1/borrowings/9", "method": "GET"}
